  1>Checking Build System

Итоги по проекту:
      199 мс вызовов   1 C:\Users\Elena\Documents\GitHub\introduction\codeandresults\isCorrect\sp_iscorrect\build\ZERO_CHECK.vcxproj
                199 мс вызовов   1 Build                                   

Итоги по целям:
        0 мс вызовов   1 Build                                   
        0 мс вызовов   1 PreBuildEvent                           
        0 мс вызовов   1 _SelectedFiles                          
        0 мс вызовов   1 SelectCustomBuild                       
        0 мс вызовов   1 ComputeCustomBuildOutput                
        0 мс вызовов   1 PostBuildEvent                          
        0 мс вызовов   1 GetReferencedVCProjectsInfo             
        0 мс вызовов   1 _Xsd                                    
        0 мс вызовов   1 MakeDirsForMidl                         
        0 мс вызовов   1 ComputeMIDLGeneratedCompileInputs       
        0 мс вызовов   1 AfterMidl                               
        0 мс вызовов   1 _Midl                                   
        0 мс вызовов   1 AfterBuildGenerateSources               
        0 мс вызовов   1 AfterBuildGenerateSourcesEvent          
        0 мс вызовов   1 _BuildGenerateSourcesAction             
        0 мс вызовов   1 BuildGenerateSources                    
        0 мс вызовов   1 BuildCompileTraverse                    
        0 мс вызовов   1 _BuildCompileAction                     
        0 мс вызовов   1 BuildCompile                            
        0 мс вызовов   1 BuildLinkTraverse                       
        0 мс вызовов   1 BuiltProjectOutputGroup                 
        0 мс вызовов   1 ContentFilesProjectOutputGroup          
        0 мс вызовов   1 SplitResourcesByCulture                 
        0 мс вызовов   1 CreateCustomManifestResourceNames       
        0 мс вызовов   1 BeforeBuildGenerateSources              
        0 мс вызовов   1 PrepareResourceNames                    
        0 мс вызовов   1 BuildGenerateSourcesTraverse            
        0 мс вызовов   1 ResolveReferences                       
        0 мс вызовов   1 IncrementalClean                        
        0 мс вызовов   1 _PrepareForBuild                        
        0 мс вызовов   1 _PrepareForReferenceResolution          
        0 мс вызовов   1 BeforeResolveReferences                 
        0 мс вызовов   1 IgnoreJavaScriptOutputAssembly          
        0 мс вызовов   1 _CheckForCompileOutputs                 
        0 мс вызовов   1 _SplitProjectReferencesByFileExistence  
        0 мс вызовов   1 _AddOutputPathToGlobalPropertiesToRemove
        0 мс вызовов   1 AfterBuild                              
        0 мс вызовов   1 PrepareProjectReferences                
        0 мс вызовов   1 ResolveProjectReferences                
        0 мс вызовов   1 GetFrameworkPaths                       
        0 мс вызовов   1 GetReferenceAssemblyPaths               
        0 мс вызовов   1 AddExternalIncludDirectoriesToPaths     
        0 мс вызовов   1 SetBuildDefaultEnvironmentVariables     
        0 мс вызовов   1 GetResolvedWinMD                        
        0 мс вызовов   1 _CheckWindowsSDKInstalled               
        0 мс вызовов   1 SetCABuildNativeEnvironmentVariables    
        0 мс вызовов   1 BuildLink                               
        0 мс вызовов   1 ResolveSDKReferences                    
        0 мс вызовов   1 ExpandSDKReferences                     
        0 мс вызовов   1 ResolveAssemblyReferences               
        0 мс вызовов   1 AfterResolveReferences                  
        0 мс вызовов   1 _BuildLinkAction                        
        0 мс вызовов   1 SatelliteDllsProjectOutputGroup         
        1 мс вызовов   1 CopyFileToFolders                       
        1 мс вызовов   1 AssignTargetPaths                       
        1 мс вызовов   1 MakeDirsForFxc                          
        1 мс вызовов   1 FinalizeBuildStatus                     
        1 мс вызовов   1 _CleanGetCurrentAndPriorFileWrites      
        2 мс вызовов   1 AssignProjectConfiguration              
        3 мс вызовов   1 TlogCleanup                             
        3 мс вызовов   1 InitializeBuildStatus                   
        5 мс вызовов   1 SetTelemetryEnvironmentVariables        
        6 мс вызовов   1 PrepareForBuild                         
        6 мс вызовов   1 _CheckForInvalidConfigurationAndPlatform
       13 мс вызовов   1 CreateRecipeFile                        
       24 мс вызовов   1 _GetProjectReferenceTargetFrameworkProperties
      128 мс вызовов   1 CustomBuild                             

Итоги по задачам:
        0 мс вызовов   2 Message                                 
        0 мс вызовов   1 SetRidAgnosticValueForProjects          
        0 мс вызовов   2 RemoveDuplicates                        
        0 мс вызовов   5 FindUnderPath                           
        0 мс вызовов   2 ReadLinesFromFile                       
        0 мс вызовов   2 Delete                                  
        0 мс вызовов   1 ConvertToAbsolutePath                   
        0 мс вызовов   1 AssignCulture                           
        0 мс вызовов   4 AssignTargetPath                        
        1 мс вызовов   1 MSBuild                                 
        1 мс вызовов  11 SetEnv                                  
        1 мс вызовов   1 VCMessage                               
        1 мс вызовов   1 WriteLinesToFile                        
        1 мс вызовов   1 AssignProjectConfiguration              
        2 мс вызовов   2 Touch                                   
        2 мс вызовов   1 CheckVCToolsetVersion                   
        3 мс вызовов   1 CleanupStaleTlogItems                   
        3 мс вызовов   5 MakeDir                                 
       13 мс вызовов   1 GenerateDesktopDeployRecipe             
       19 мс вызовов   3 GetOutOfDateItems                       
      109 мс вызовов   1 ParallelCustomBuild                     
